Arguments: 
  /usr/local/Cellar/node/8.3.0/bin/node /usr/local/Cellar/yarn/0.27.5_1/libexec/bin/yarn.js publish

PATH: 
  /Users/as/.rbenv/shims:/Users/as/.composer/vendor/bin:/Users/as/.rbenv/shims:/Users/as/.rbenv/bin:/Users/as/.rbenv/shims:/Users/as/.rbenv/bin:/opt/X11/bin:/usr/local/munki:/usr/local/bin:/usr/bin:/bin:/usr/sbin:/sbin

Yarn version: 
  0.27.5

Node version: 
  8.3.0

Platform: 
  darwin x64

npm manifest: 
  {
    "name": "iconcepts-round",
    "version": "1.0.1",
    "description": "Icon web font with rounded icons.",
    "main": "index.js",
    "repository": "https://github.com/designconcepts/iconcepts-round.git",
    "bugs": "https://github.com/designconcepts/iconcepts-round/issues",
    "author": "designconcepts GmbH <info@designconcepts.de>",
    "keywords": ["icon", "web", "font", "round"],
    "license": "MIT"
  }

yarn manifest: 
  No manifest

Lockfile: 
  # THIS IS AN AUTOGENERATED FILE. DO NOT EDIT THIS FILE DIRECTLY.
  # yarn lockfile v1

Trace: 
  Error: https://registry.yarnpkg.com/iconcepts-round: You must be logged in to publish packages
      at Request.params.callback [as _callback] (/usr/local/Cellar/yarn/0.27.5_1/libexec/lib/yarn-cli.js:58200:18)
      at Request.self.callback (/usr/local/Cellar/yarn/0.27.5_1/libexec/lib/yarn-cli.js:114242:22)
      at emitTwo (events.js:125:13)
      at Request.emit (events.js:213:7)
      at Request.<anonymous> (/usr/local/Cellar/yarn/0.27.5_1/libexec/lib/yarn-cli.js:115225:10)
      at emitOne (events.js:115:13)
      at Request.emit (events.js:210:7)
      at IncomingMessage.<anonymous> (/usr/local/Cellar/yarn/0.27.5_1/libexec/lib/yarn-cli.js:115145:12)
      at Object.onceWrapper (events.js:314:30)
      at emitNone (events.js:110:20)
